c:\users\82107\source\repos\direct3dgame\msc3d_programming\3d_msc\labproject02-01\labproject02-01\x64\debug\labproject02-01.pch
c:\users\82107\source\repos\direct3dgame\msc3d_programming\3d_msc\labproject02-01\labproject02-01\x64\debug\vc143.pdb
c:\users\82107\source\repos\direct3dgame\msc3d_programming\3d_msc\labproject02-01\labproject02-01\x64\debug\vc143.idb
c:\users\82107\source\repos\direct3dgame\msc3d_programming\3d_msc\labproject02-01\labproject02-01\x64\debug\stdafx.obj
c:\users\82107\source\repos\direct3dgame\msc3d_programming\3d_msc\labproject02-01\labproject02-01\x64\debug\timer.obj
c:\users\82107\source\repos\direct3dgame\msc3d_programming\3d_msc\labproject02-01\labproject02-01\x64\debug\scene.obj
c:\users\82107\source\repos\direct3dgame\msc3d_programming\3d_msc\labproject02-01\labproject02-01\x64\debug\player.obj
c:\users\82107\source\repos\direct3dgame\msc3d_programming\3d_msc\labproject02-01\labproject02-01\x64\debug\msc_transform.obj
c:\users\82107\source\repos\direct3dgame\msc3d_programming\3d_msc\labproject02-01\labproject02-01\x64\debug\msc_player.obj
c:\users\82107\source\repos\direct3dgame\msc3d_programming\3d_msc\labproject02-01\labproject02-01\x64\debug\msc_mesh.obj
c:\users\82107\source\repos\direct3dgame\msc3d_programming\3d_msc\labproject02-01\labproject02-01\x64\debug\msc_gameobject.obj
c:\users\82107\source\repos\direct3dgame\msc3d_programming\3d_msc\labproject02-01\labproject02-01\x64\debug\msc_gamemanager.obj
c:\users\82107\source\repos\direct3dgame\msc3d_programming\3d_msc\labproject02-01\labproject02-01\x64\debug\msc_component.obj
c:\users\82107\source\repos\direct3dgame\msc3d_programming\3d_msc\labproject02-01\labproject02-01\x64\debug\msc_collider.obj
c:\users\82107\source\repos\direct3dgame\msc3d_programming\3d_msc\labproject02-01\labproject02-01\x64\debug\msc_camera.obj
c:\users\82107\source\repos\direct3dgame\msc3d_programming\3d_msc\labproject02-01\labproject02-01\x64\debug\mesh.obj
c:\users\82107\source\repos\direct3dgame\msc3d_programming\3d_msc\labproject02-01\labproject02-01\x64\debug\labproject02-01.obj
c:\users\82107\source\repos\direct3dgame\msc3d_programming\3d_msc\labproject02-01\labproject02-01\x64\debug\graphicspipeline.obj
c:\users\82107\source\repos\direct3dgame\msc3d_programming\3d_msc\labproject02-01\labproject02-01\x64\debug\gameobject.obj
c:\users\82107\source\repos\direct3dgame\msc3d_programming\3d_msc\labproject02-01\labproject02-01\x64\debug\gameframework.obj
c:\users\82107\source\repos\direct3dgame\msc3d_programming\3d_msc\labproject02-01\labproject02-01\x64\debug\camera.obj
c:\users\82107\source\repos\direct3dgame\msc3d_programming\3d_msc\labproject02-01\x64\debug\labproject02-01.exe
c:\users\82107\source\repos\direct3dgame\msc3d_programming\3d_msc\labproject02-01\x64\debug\labproject02-01.pdb
c:\users\82107\source\repos\direct3dgame\msc3d_programming\3d_msc\labproject02-01\labproject02-01\x64\debug\labproject02-01.res
c:\users\82107\source\repos\direct3dgame\msc3d_programming\3d_msc\labproject02-01\labproject02-01\x64\debug\labproject02-01.ilk
c:\users\82107\source\repos\direct3dgame\msc3d_programming\3d_msc\labproject02-01\labproject02-01\x64\debug\labproject02-01.tlog\cl.command.1.tlog
c:\users\82107\source\repos\direct3dgame\msc3d_programming\3d_msc\labproject02-01\labproject02-01\x64\debug\labproject02-01.tlog\cl.items.tlog
c:\users\82107\source\repos\direct3dgame\msc3d_programming\3d_msc\labproject02-01\labproject02-01\x64\debug\labproject02-01.tlog\cl.read.1.tlog
c:\users\82107\source\repos\direct3dgame\msc3d_programming\3d_msc\labproject02-01\labproject02-01\x64\debug\labproject02-01.tlog\cl.write.1.tlog
c:\users\82107\source\repos\direct3dgame\msc3d_programming\3d_msc\labproject02-01\labproject02-01\x64\debug\labproject02-01.tlog\link.command.1.tlog
c:\users\82107\source\repos\direct3dgame\msc3d_programming\3d_msc\labproject02-01\labproject02-01\x64\debug\labproject02-01.tlog\link.read.1.tlog
c:\users\82107\source\repos\direct3dgame\msc3d_programming\3d_msc\labproject02-01\labproject02-01\x64\debug\labproject02-01.tlog\link.secondary.1.tlog
c:\users\82107\source\repos\direct3dgame\msc3d_programming\3d_msc\labproject02-01\labproject02-01\x64\debug\labproject02-01.tlog\link.write.1.tlog
c:\users\82107\source\repos\direct3dgame\msc3d_programming\3d_msc\labproject02-01\labproject02-01\x64\debug\labproject02-01.tlog\rc.command.1.tlog
c:\users\82107\source\repos\direct3dgame\msc3d_programming\3d_msc\labproject02-01\labproject02-01\x64\debug\labproject02-01.tlog\rc.read.1.tlog
c:\users\82107\source\repos\direct3dgame\msc3d_programming\3d_msc\labproject02-01\labproject02-01\x64\debug\labproject02-01.tlog\rc.write.1.tlog
