c:\users\82107\source\repos\direct3dgame\msc3d_programming\3d_msc\labproject02-01\labproject02-01\x64\release\vc143.pdb
c:\users\82107\source\repos\direct3dgame\msc3d_programming\3d_msc\labproject02-01\labproject02-01\x64\release\timer.obj
c:\users\82107\source\repos\direct3dgame\msc3d_programming\3d_msc\labproject02-01\labproject02-01\x64\release\stdafx.obj
c:\users\82107\source\repos\direct3dgame\msc3d_programming\3d_msc\labproject02-01\labproject02-01\x64\release\scene.obj
c:\users\82107\source\repos\direct3dgame\msc3d_programming\3d_msc\labproject02-01\labproject02-01\x64\release\player.obj
c:\users\82107\source\repos\direct3dgame\msc3d_programming\3d_msc\labproject02-01\labproject02-01\x64\release\msc_transform.obj
c:\users\82107\source\repos\direct3dgame\msc3d_programming\3d_msc\labproject02-01\labproject02-01\x64\release\msc_player.obj
c:\users\82107\source\repos\direct3dgame\msc3d_programming\3d_msc\labproject02-01\labproject02-01\x64\release\msc_mesh.obj
c:\users\82107\source\repos\direct3dgame\msc3d_programming\3d_msc\labproject02-01\labproject02-01\x64\release\msc_gameobject.obj
c:\users\82107\source\repos\direct3dgame\msc3d_programming\3d_msc\labproject02-01\labproject02-01\x64\release\msc_gamemanager.obj
c:\users\82107\source\repos\direct3dgame\msc3d_programming\3d_msc\labproject02-01\labproject02-01\x64\release\msc_component.obj
c:\users\82107\source\repos\direct3dgame\msc3d_programming\3d_msc\labproject02-01\labproject02-01\x64\release\msc_collider.obj
c:\users\82107\source\repos\direct3dgame\msc3d_programming\3d_msc\labproject02-01\labproject02-01\x64\release\msc_camera.obj
c:\users\82107\source\repos\direct3dgame\msc3d_programming\3d_msc\labproject02-01\labproject02-01\x64\release\mesh.obj
c:\users\82107\source\repos\direct3dgame\msc3d_programming\3d_msc\labproject02-01\labproject02-01\x64\release\labproject02-01.obj
c:\users\82107\source\repos\direct3dgame\msc3d_programming\3d_msc\labproject02-01\labproject02-01\x64\release\graphicspipeline.obj
c:\users\82107\source\repos\direct3dgame\msc3d_programming\3d_msc\labproject02-01\labproject02-01\x64\release\gameobject.obj
c:\users\82107\source\repos\direct3dgame\msc3d_programming\3d_msc\labproject02-01\labproject02-01\x64\release\gameframework.obj
c:\users\82107\source\repos\direct3dgame\msc3d_programming\3d_msc\labproject02-01\labproject02-01\x64\release\camera.obj
c:\users\82107\source\repos\direct3dgame\msc3d_programming\3d_msc\labproject02-01\x64\release\labproject02-01.exe
c:\users\82107\source\repos\direct3dgame\msc3d_programming\3d_msc\labproject02-01\x64\release\labproject02-01.pdb
c:\users\82107\source\repos\direct3dgame\msc3d_programming\3d_msc\labproject02-01\labproject02-01\x64\release\labproject02-01.res
c:\users\82107\source\repos\direct3dgame\msc3d_programming\3d_msc\labproject02-01\labproject02-01\x64\release\labproject02-01.ipdb
c:\users\82107\source\repos\direct3dgame\msc3d_programming\3d_msc\labproject02-01\labproject02-01\x64\release\labproject02-01.iobj
c:\users\82107\source\repos\direct3dgame\msc3d_programming\3d_msc\labproject02-01\labproject02-01\x64\release\labproject02-01.tlog\cl.command.1.tlog
c:\users\82107\source\repos\direct3dgame\msc3d_programming\3d_msc\labproject02-01\labproject02-01\x64\release\labproject02-01.tlog\cl.items.tlog
c:\users\82107\source\repos\direct3dgame\msc3d_programming\3d_msc\labproject02-01\labproject02-01\x64\release\labproject02-01.tlog\cl.read.1.tlog
c:\users\82107\source\repos\direct3dgame\msc3d_programming\3d_msc\labproject02-01\labproject02-01\x64\release\labproject02-01.tlog\cl.write.1.tlog
c:\users\82107\source\repos\direct3dgame\msc3d_programming\3d_msc\labproject02-01\labproject02-01\x64\release\labproject02-01.tlog\link.command.1.tlog
c:\users\82107\source\repos\direct3dgame\msc3d_programming\3d_msc\labproject02-01\labproject02-01\x64\release\labproject02-01.tlog\link.read.1.tlog
c:\users\82107\source\repos\direct3dgame\msc3d_programming\3d_msc\labproject02-01\labproject02-01\x64\release\labproject02-01.tlog\link.secondary.1.tlog
c:\users\82107\source\repos\direct3dgame\msc3d_programming\3d_msc\labproject02-01\labproject02-01\x64\release\labproject02-01.tlog\link.write.1.tlog
c:\users\82107\source\repos\direct3dgame\msc3d_programming\3d_msc\labproject02-01\labproject02-01\x64\release\labproject02-01.tlog\rc.command.1.tlog
c:\users\82107\source\repos\direct3dgame\msc3d_programming\3d_msc\labproject02-01\labproject02-01\x64\release\labproject02-01.tlog\rc.read.1.tlog
c:\users\82107\source\repos\direct3dgame\msc3d_programming\3d_msc\labproject02-01\labproject02-01\x64\release\labproject02-01.tlog\rc.write.1.tlog
