  Camera.cpp
  GameFramework.cpp
  GameObject.cpp
  GraphicsPipeline.cpp
  LabProject02-01.cpp
  Mesh.cpp
  Player.cpp
  Scene.cpp
  Timer.cpp
  msc_Camera.cpp
  msc_Collider.cpp
  msc_Component.cpp
  msc_GameManager.cpp
  msc_GameObject.cpp
  msc_Mesh.cpp
  msc_Player.cpp
  msc_Transform.cpp
  stdafx.cpp
  코드를 생성하고 있습니다.
  74 of 638 functions (11.6%) were compiled, the rest were copied from previous compilation.
    0 functions were new in current compilation
    70 functions had inline decision re-evaluated but remain unchanged
  코드를 생성했습니다.
  LabProject02-01.vcxproj -> C:\Users\82107\source\repos\Direct3dGame\MSC3D_PROGRAMMING\3D_MSC\LabProject02-01\x64\Release\LabProject02-01.exe
